  assetManager.cpp
  des.cpp
C:\Users\gille\Downloads\Risk_Spatial_CouleurChange\Risk_Spatial_PresqueTerminee\Risk_Spatial (1) - Copy\Risk_Spatial\des.cpp(15,12): warning C4244: 'argument' : conversion de 'time_t' en 'unsigned int', perte possible de données
  game.cpp
C:\Users\gille\Downloads\Risk_Spatial_CouleurChange\Risk_Spatial_PresqueTerminee\Risk_Spatial (1) - Copy\Risk_Spatial\game.cpp(19,12): warning C4244: 'argument' : conversion de 'time_t' en 'unsigned int', perte possible de données
  gameOverState.cpp
C:\Users\gille\Downloads\Risk_Spatial_CouleurChange\Risk_Spatial_PresqueTerminee\Risk_Spatial (1) - Copy\Risk_Spatial\planete.h(37): warning C4091: 'typedef ' : ignoré à gauche de 'planete::_caracteristiques' quand aucune variable n'est déclarée
C:\Users\gille\Downloads\Risk_Spatial_CouleurChange\Risk_Spatial_PresqueTerminee\Risk_Spatial (1) - Copy\Risk_Spatial\gameOverState.cpp(40,32): warning C4305: 'argument' : troncation de 'double' à 'float'
C:\Users\gille\Downloads\Risk_Spatial_CouleurChange\Risk_Spatial_PresqueTerminee\Risk_Spatial (1) - Copy\Risk_Spatial\gameOverState.cpp(66,97): warning C4244: 'argument' : conversion de 'double' en 'float', perte possible de données
C:\Users\gille\Downloads\Risk_Spatial_CouleurChange\Risk_Spatial_PresqueTerminee\Risk_Spatial (1) - Copy\Risk_Spatial\gameOverState.cpp(66,59): warning C4244: 'argument' : conversion de 'T' en 'float', perte possible de données
          with
          [
              T=unsigned int
          ]
C:\Users\gille\Downloads\Risk_Spatial_CouleurChange\Risk_Spatial_PresqueTerminee\Risk_Spatial (1) - Copy\Risk_Spatial\gameOverState.cpp(98,138): warning C4244: 'argument' : conversion de 'T' en 'float', perte possible de données
          with
          [
              T=unsigned int
          ]
C:\Users\gille\Downloads\Risk_Spatial_CouleurChange\Risk_Spatial_PresqueTerminee\Risk_Spatial (1) - Copy\Risk_Spatial\gameOverState.cpp(103,57): warning C4244: 'argument' : conversion de 'double' en 'float', perte possible de données
C:\Users\gille\Downloads\Risk_Spatial_CouleurChange\Risk_Spatial_PresqueTerminee\Risk_Spatial (1) - Copy\Risk_Spatial\gameOverState.cpp(108,57): warning C4244: 'argument' : conversion de 'double' en 'float', perte possible de données
  gameState.cpp
C:\Users\gille\Downloads\Risk_Spatial_CouleurChange\Risk_Spatial_PresqueTerminee\Risk_Spatial (1) - Copy\Risk_Spatial\planete.h(37): warning C4091: 'typedef ' : ignoré à gauche de 'planete::_caracteristiques' quand aucune variable n'est déclarée
C:\Users\gille\Downloads\Risk_Spatial_CouleurChange\Risk_Spatial_PresqueTerminee\Risk_Spatial (1) - Copy\Risk_Spatial\gameState.cpp(57,12): warning C4244: 'argument' : conversion de 'time_t' en 'unsigned int', perte possible de données
C:\Users\gille\Downloads\Risk_Spatial_CouleurChange\Risk_Spatial_PresqueTerminee\Risk_Spatial (1) - Copy\Risk_Spatial\gameState.cpp(1274,42): warning C4244: 'argument' : conversion de 'int' en 'float', perte possible de données
C:\Users\gille\Downloads\Risk_Spatial_CouleurChange\Risk_Spatial_PresqueTerminee\Risk_Spatial (1) - Copy\Risk_Spatial\gameState.cpp(1307,46): warning C4244: 'argument' : conversion de 'int' en 'float', perte possible de données
C:\Users\gille\Downloads\Risk_Spatial_CouleurChange\Risk_Spatial_PresqueTerminee\Risk_Spatial (1) - Copy\Risk_Spatial\gameState.cpp(1332,99): warning C4244: 'argument' : conversion de 'T' en 'int', perte possible de données
          with
          [
              T=float
          ]
C:\Users\gille\Downloads\Risk_Spatial_CouleurChange\Risk_Spatial_PresqueTerminee\Risk_Spatial (1) - Copy\Risk_Spatial\gameState.cpp(1332,58): warning C4244: 'argument' : conversion de 'T' en 'int', perte possible de données
          with
          [
              T=float
          ]
C:\Users\gille\Downloads\Risk_Spatial_CouleurChange\Risk_Spatial_PresqueTerminee\Risk_Spatial (1) - Copy\Risk_Spatial\gameState.cpp(1335,103): warning C4244: 'argument' : conversion de 'T' en 'int', perte possible de données
          with
          [
              T=float
          ]
C:\Users\gille\Downloads\Risk_Spatial_CouleurChange\Risk_Spatial_PresqueTerminee\Risk_Spatial (1) - Copy\Risk_Spatial\gameState.cpp(1335,62): warning C4244: 'argument' : conversion de 'T' en 'int', perte possible de données
          with
          [
              T=float
          ]
C:\Users\gille\Downloads\Risk_Spatial_CouleurChange\Risk_Spatial_PresqueTerminee\Risk_Spatial (1) - Copy\Risk_Spatial\gameState.cpp(1338,104): warning C4244: 'argument' : conversion de 'T' en 'int', perte possible de données
          with
          [
              T=float
          ]
C:\Users\gille\Downloads\Risk_Spatial_CouleurChange\Risk_Spatial_PresqueTerminee\Risk_Spatial (1) - Copy\Risk_Spatial\gameState.cpp(1338,63): warning C4244: 'argument' : conversion de 'T' en 'int', perte possible de données
          with
          [
              T=float
          ]
C:\Users\gille\Downloads\Risk_Spatial_CouleurChange\Risk_Spatial_PresqueTerminee\Risk_Spatial (1) - Copy\Risk_Spatial\gameState.cpp(1341,147): warning C4244: 'argument' : conversion de 'T' en 'int', perte possible de données
          with
          [
              T=float
          ]
C:\Users\gille\Downloads\Risk_Spatial_CouleurChange\Risk_Spatial_PresqueTerminee\Risk_Spatial (1) - Copy\Risk_Spatial\gameState.cpp(1341,107): warning C4244: 'argument' : conversion de 'T' en 'int', perte possible de données
          with
          [
              T=float
          ]
C:\Users\gille\Downloads\Risk_Spatial_CouleurChange\Risk_Spatial_PresqueTerminee\Risk_Spatial (1) - Copy\Risk_Spatial\gameState.cpp(1344,151): warning C4244: 'argument' : conversion de 'T' en 'int', perte possible de données
          with
          [
              T=float
          ]
C:\Users\gille\Downloads\Risk_Spatial_CouleurChange\Risk_Spatial_PresqueTerminee\Risk_Spatial (1) - Copy\Risk_Spatial\gameState.cpp(1344,111): warning C4244: 'argument' : conversion de 'T' en 'int', perte possible de données
          with
          [
              T=float
          ]
C:\Users\gille\Downloads\Risk_Spatial_CouleurChange\Risk_Spatial_PresqueTerminee\Risk_Spatial (1) - Copy\Risk_Spatial\gameState.cpp(1357,42): warning C4244: 'argument' : conversion de 'int' en 'float', perte possible de données
C:\Users\gille\Downloads\Risk_Spatial_CouleurChange\Risk_Spatial_PresqueTerminee\Risk_Spatial (1) - Copy\Risk_Spatial\gameState.cpp(1380,144): warning C4244: 'argument' : conversion de 'T' en 'int', perte possible de données
          with
          [
              T=float
          ]
C:\Users\gille\Downloads\Risk_Spatial_CouleurChange\Risk_Spatial_PresqueTerminee\Risk_Spatial (1) - Copy\Risk_Spatial\gameState.cpp(1380,61): warning C4244: 'argument' : conversion de 'T' en 'int', perte possible de données
          with
          [
              T=float
          ]
C:\Users\gille\Downloads\Risk_Spatial_CouleurChange\Risk_Spatial_PresqueTerminee\Risk_Spatial (1) - Copy\Risk_Spatial\gameState.cpp(1384,144): warning C4244: 'argument' : conversion de 'T' en 'int', perte possible de données
          with
          [
              T=float
          ]
C:\Users\gille\Downloads\Risk_Spatial_CouleurChange\Risk_Spatial_PresqueTerminee\Risk_Spatial (1) - Copy\Risk_Spatial\gameState.cpp(1384,61): warning C4244: 'argument' : conversion de 'T' en 'int', perte possible de données
          with
          [
              T=float
          ]
C:\Users\gille\Downloads\Risk_Spatial_CouleurChange\Risk_Spatial_PresqueTerminee\Risk_Spatial (1) - Copy\Risk_Spatial\gameState.cpp(1388,144): warning C4244: 'argument' : conversion de 'T' en 'int', perte possible de données
          with
          [
              T=float
          ]
C:\Users\gille\Downloads\Risk_Spatial_CouleurChange\Risk_Spatial_PresqueTerminee\Risk_Spatial (1) - Copy\Risk_Spatial\gameState.cpp(1388,61): warning C4244: 'argument' : conversion de 'T' en 'int', perte possible de données
          with
          [
              T=float
          ]
C:\Users\gille\Downloads\Risk_Spatial_CouleurChange\Risk_Spatial_PresqueTerminee\Risk_Spatial (1) - Copy\Risk_Spatial\gameState.cpp(1401,38): warning C4244: 'argument' : conversion de 'int' en 'float', perte possible de données
C:\Users\gille\Downloads\Risk_Spatial_CouleurChange\Risk_Spatial_PresqueTerminee\Risk_Spatial (1) - Copy\Risk_Spatial\gameState.cpp(1432,61): warning C4244: 'argument' : conversion de 'int' en 'T', perte possible de données
          with
          [
              T=float
          ]
C:\Users\gille\Downloads\Risk_Spatial_CouleurChange\Risk_Spatial_PresqueTerminee\Risk_Spatial (1) - Copy\Risk_Spatial\gameState.cpp(1432,45): warning C4244: 'argument' : conversion de 'int' en 'T', perte possible de données
          with
          [
              T=float
          ]
C:\Users\gille\Downloads\Risk_Spatial_CouleurChange\Risk_Spatial_PresqueTerminee\Risk_Spatial (1) - Copy\Risk_Spatial\gameState.cpp(1485,94): warning C4244: 'argument' : conversion de 'T' en 'int', perte possible de données
          with
          [
              T=float
          ]
C:\Users\gille\Downloads\Risk_Spatial_CouleurChange\Risk_Spatial_PresqueTerminee\Risk_Spatial (1) - Copy\Risk_Spatial\gameState.cpp(1485,61): warning C4244: 'argument' : conversion de 'const T' en 'int', perte possible de données
          with
          [
              T=float
          ]
  hud.cpp
C:\Users\gille\Downloads\Risk_Spatial_CouleurChange\Risk_Spatial_PresqueTerminee\Risk_Spatial (1) - Copy\Risk_Spatial\hud.cpp(23,24): warning C4244: 'argument' : conversion de 'int' en 'float', perte possible de données
C:\Users\gille\Downloads\Risk_Spatial_CouleurChange\Risk_Spatial_PresqueTerminee\Risk_Spatial (1) - Copy\Risk_Spatial\hud.cpp(23,21): warning C4244: 'argument' : conversion de 'int' en 'float', perte possible de données
C:\Users\gille\Downloads\Risk_Spatial_CouleurChange\Risk_Spatial_PresqueTerminee\Risk_Spatial (1) - Copy\Risk_Spatial\hud.cpp(28,21): warning C4244: 'argument' : conversion de 'int' en 'float', perte possible de données
C:\Users\gille\Downloads\Risk_Spatial_CouleurChange\Risk_Spatial_PresqueTerminee\Risk_Spatial (1) - Copy\Risk_Spatial\hud.cpp(28,19): warning C4244: 'argument' : conversion de 'int' en 'float', perte possible de données
  inputManager.cpp
C:\Users\gille\Downloads\Risk_Spatial_CouleurChange\Risk_Spatial_PresqueTerminee\Risk_Spatial (1) - Copy\Risk_Spatial\inputManager.cpp(18,60): warning C4244: 'argument' : conversion de 'T' en 'T', perte possible de données
          with
          [
              T=float
          ]
          and
          [
              T=int
          ]
C:\Users\gille\Downloads\Risk_Spatial_CouleurChange\Risk_Spatial_PresqueTerminee\Risk_Spatial (1) - Copy\Risk_Spatial\inputManager.cpp(18,28): warning C4244: 'argument' : conversion de 'T' en 'T', perte possible de données
          with
          [
              T=float
          ]
          and
          [
              T=int
          ]
C:\Users\gille\Downloads\Risk_Spatial_CouleurChange\Risk_Spatial_PresqueTerminee\Risk_Spatial (1) - Copy\Risk_Spatial\inputManager.cpp(17,64): warning C4244: 'argument' : conversion de 'const T' en 'T', perte possible de données
          with
          [
              T=float
          ]
          and
          [
              T=int
          ]
C:\Users\gille\Downloads\Risk_Spatial_CouleurChange\Risk_Spatial_PresqueTerminee\Risk_Spatial (1) - Copy\Risk_Spatial\inputManager.cpp(17,40): warning C4244: 'argument' : conversion de 'const T' en 'T', perte possible de données
          with
          [
              T=float
          ]
          and
          [
              T=int
          ]
  joueur.cpp
  main.cpp
  mainMenuState.cpp
C:\Users\gille\Downloads\Risk_Spatial_CouleurChange\Risk_Spatial_PresqueTerminee\Risk_Spatial (1) - Copy\Risk_Spatial\planete.h(37): warning C4091: 'typedef ' : ignoré à gauche de 'planete::_caracteristiques' quand aucune variable n'est déclarée
C:\Users\gille\Downloads\Risk_Spatial_CouleurChange\Risk_Spatial_PresqueTerminee\Risk_Spatial (1) - Copy\Risk_Spatial\mainMenuState.cpp(52,71): warning C4244: 'argument' : conversion de 'double' en 'float', perte possible de données
C:\Users\gille\Downloads\Risk_Spatial_CouleurChange\Risk_Spatial_PresqueTerminee\Risk_Spatial (1) - Copy\Risk_Spatial\mainMenuState.cpp(59,32): warning C4305: 'argument' : troncation de 'double' à 'float'
  optionState.cpp
C:\Users\gille\Downloads\Risk_Spatial_CouleurChange\Risk_Spatial_PresqueTerminee\Risk_Spatial (1) - Copy\Risk_Spatial\optionState.cpp(42,79): warning C4244: 'argument' : conversion de 'double' en 'float', perte possible de données
C:\Users\gille\Downloads\Risk_Spatial_CouleurChange\Risk_Spatial_PresqueTerminee\Risk_Spatial (1) - Copy\Risk_Spatial\optionState.cpp(90,32): warning C4305: 'argument' : troncation de 'double' à 'float'
  planete.cpp
C:\Users\gille\Downloads\Risk_Spatial_CouleurChange\Risk_Spatial_PresqueTerminee\Risk_Spatial (1) - Copy\Risk_Spatial\planete.h(37): warning C4091: 'typedef ' : ignoré à gauche de 'planete::_caracteristiques' quand aucune variable n'est déclarée
  splashState.cpp
C:\Users\gille\Downloads\Risk_Spatial_CouleurChange\Risk_Spatial_PresqueTerminee\Risk_Spatial (1) - Copy\Risk_Spatial\splashState.cpp(25,33): warning C4305: 'argument' : troncation de 'double' à 'float'
C:\Users\gille\Downloads\Risk_Spatial_CouleurChange\Risk_Spatial_PresqueTerminee\Risk_Spatial (1) - Copy\Risk_Spatial\splashState.cpp(32,32): warning C4305: 'argument' : troncation de 'double' à 'float'
C:\Users\gille\Downloads\Risk_Spatial_CouleurChange\Risk_Spatial_PresqueTerminee\Risk_Spatial (1) - Copy\Risk_Spatial\splashState.cpp(55,32): warning C4305: 'argument' : troncation de 'double' à 'float'
  stateMachine.cpp
  Génération de code en cours...
C:\Users\gille\Downloads\Risk_Spatial_CouleurChange\Risk_Spatial_PresqueTerminee\Risk_Spatial (1) - Copy\Risk_Spatial\planete.cpp(69): warning C4715: 'planete::getColor' : les chemins de contrôle ne retournent pas tous une valeur
  LINK : C:\Users\gille\Downloads\Risk_Spatial_CouleurChange\Risk_Spatial_PresqueTerminee\Risk_Spatial (1) - Copy\Debug\Risk_Spatial.exe introuvable ou non généré par la dernière édition de liens incrémentielle ; édition de liens complète en cours
  Risk_Spatial.vcxproj -> C:\Users\gille\Downloads\Risk_Spatial_CouleurChange\Risk_Spatial_PresqueTerminee\Risk_Spatial (1) - Copy\Debug\Risk_Spatial.exe
