c:\users\gille\desktop\automne 21\prog\risk_spatial\risk_spatial\debug\vc142.pdb
c:\users\gille\desktop\automne 21\prog\risk_spatial\risk_spatial\debug\vc142.idb
c:\users\gille\desktop\automne 21\prog\risk_spatial\risk_spatial\debug\statemachine.obj
c:\users\gille\desktop\automne 21\prog\risk_spatial\risk_spatial\debug\splashstate.obj
c:\users\gille\desktop\automne 21\prog\risk_spatial\risk_spatial\debug\optionstate.obj
c:\users\gille\desktop\automne 21\prog\risk_spatial\risk_spatial\debug\mainmenustate.obj
c:\users\gille\desktop\automne 21\prog\risk_spatial\risk_spatial\debug\main.obj
c:\users\gille\desktop\automne 21\prog\risk_spatial\risk_spatial\debug\inputmanager.obj
c:\users\gille\desktop\automne 21\prog\risk_spatial\risk_spatial\debug\hud.obj
c:\users\gille\desktop\automne 21\prog\risk_spatial\risk_spatial\debug\gamestate.obj
c:\users\gille\desktop\automne 21\prog\risk_spatial\risk_spatial\debug\gameoverstate.obj
c:\users\gille\desktop\automne 21\prog\risk_spatial\risk_spatial\debug\game.obj
c:\users\gille\desktop\automne 21\prog\risk_spatial\risk_spatial\debug\assetmanager.obj
c:\users\gille\desktop\automne 21\prog\risk_spatial\debug\risk_spatial.exe
c:\users\gille\desktop\automne 21\prog\risk_spatial\risk_spatial\debug\risk_spatial.tlog\cl.command.1.tlog
c:\users\gille\desktop\automne 21\prog\risk_spatial\risk_spatial\debug\risk_spatial.tlog\cl.read.1.tlog
c:\users\gille\desktop\automne 21\prog\risk_spatial\risk_spatial\debug\risk_spatial.tlog\cl.write.1.tlog
c:\users\gille\desktop\automne 21\prog\risk_spatial\risk_spatial\debug\risk_spatial.tlog\link.command.1.tlog
c:\users\gille\desktop\automne 21\prog\risk_spatial\risk_spatial\debug\risk_spatial.tlog\link.read.1.tlog
c:\users\gille\desktop\automne 21\prog\risk_spatial\risk_spatial\debug\risk_spatial.tlog\link.write.1.tlog
